ltl cc: [] (! (ccviol))
pan:1: assertion violated  !( !( !(ccviol))) (at depth 27)
pan: wrote conspecCausalViol.pml.trail

(Spin Version 6.4.6 -- 2 December 2016)
Warning: Search not completed
	+ Partial Order Reduction

Full statespace search for:
	never claim         	+ (cc)
	assertion violations	+ (if within scope of claim)
	acceptance   cycles 	+ (fairness disabled)
	invalid end states	- (disabled by never claim)

State-vector 267 byte, depth reached 27, errors: 1
       14 states, stored
        0 states, matched
       14 transitions (= stored+matched)
        1 atomic steps
hash conflicts:         0 (resolved)

Stats on memory usage (in Megabytes):
    0.004	equivalent memory usage for states (stored*(State-vector + overhead))
    0.282	actual memory usage for states
  128.000	memory used for hash table (-w24)
    0.534	memory used for DFS stack (-m10000)
  128.730	total actual memory usage



pan: elapsed time 0 seconds
Time diff is: 1 seconds
ltl cc: [] (! (ccviol))
pan:1: assertion violated  !( !( !(ccviol))) (at depth 21)
pan: wrote conspecCausalViol.pml.trail

(Spin Version 6.4.6 -- 2 December 2016)
Warning: Search not completed
	+ Partial Order Reduction

Full statespace search for:
	never claim         	+ (cc)
	assertion violations	+ (if within scope of claim)
	acceptance   cycles 	+ (fairness disabled)
	invalid end states	- (disabled by never claim)

State-vector 267 byte, depth reached 21, errors: 1
       11 states, stored
        0 states, matched
       11 transitions (= stored+matched)
        1 atomic steps
hash conflicts:         0 (resolved)

Stats on memory usage (in Megabytes):
    0.003	equivalent memory usage for states (stored*(State-vector + overhead))
    0.283	actual memory usage for states
  128.000	memory used for hash table (-w24)
    0.534	memory used for DFS stack (-m10000)
  128.730	total actual memory usage



pan: elapsed time 0 seconds
Time diff is: 2 seconds
ltl cc: [] (! (ccviol))
pan:1: assertion violated  !( !( !(ccviol))) (at depth 21)
pan: wrote conspecCausalViol.pml.trail

(Spin Version 6.4.6 -- 2 December 2016)
Warning: Search not completed
	+ Partial Order Reduction

Full statespace search for:
	never claim         	+ (cc)
	assertion violations	+ (if within scope of claim)
	acceptance   cycles 	+ (fairness disabled)
	invalid end states	- (disabled by never claim)

State-vector 267 byte, depth reached 21, errors: 1
       11 states, stored
        0 states, matched
       11 transitions (= stored+matched)
        1 atomic steps
hash conflicts:         0 (resolved)

Stats on memory usage (in Megabytes):
    0.003	equivalent memory usage for states (stored*(State-vector + overhead))
    0.283	actual memory usage for states
  128.000	memory used for hash table (-w24)
    0.534	memory used for DFS stack (-m10000)
  128.730	total actual memory usage



pan: elapsed time 0 seconds
Time diff is: 2 seconds
ltl cc: [] (! (ccviol))
pan:1: assertion violated  !( !( !(ccviol))) (at depth 21)
pan: wrote conspecCausalViol.pml.trail

(Spin Version 6.4.6 -- 2 December 2016)
Warning: Search not completed
	+ Partial Order Reduction

Full statespace search for:
	never claim         	+ (cc)
	assertion violations	+ (if within scope of claim)
	acceptance   cycles 	+ (fairness disabled)
	invalid end states	- (disabled by never claim)

State-vector 267 byte, depth reached 21, errors: 1
       11 states, stored
        0 states, matched
       11 transitions (= stored+matched)
        1 atomic steps
hash conflicts:         0 (resolved)

Stats on memory usage (in Megabytes):
    0.003	equivalent memory usage for states (stored*(State-vector + overhead))
    0.283	actual memory usage for states
  128.000	memory used for hash table (-w24)
    0.534	memory used for DFS stack (-m10000)
  128.730	total actual memory usage



pan: elapsed time 0 seconds
Time diff is: 3 seconds
ltl cc: [] (! (ccviol))
pan:1: assertion violated  !( !( !(ccviol))) (at depth 21)
pan: wrote conspecCausalViol.pml.trail

(Spin Version 6.4.6 -- 2 December 2016)
Warning: Search not completed
	+ Partial Order Reduction

Full statespace search for:
	never claim         	+ (cc)
	assertion violations	+ (if within scope of claim)
	acceptance   cycles 	+ (fairness disabled)
	invalid end states	- (disabled by never claim)

State-vector 267 byte, depth reached 21, errors: 1
       11 states, stored
        0 states, matched
       11 transitions (= stored+matched)
        1 atomic steps
hash conflicts:         0 (resolved)

Stats on memory usage (in Megabytes):
    0.003	equivalent memory usage for states (stored*(State-vector + overhead))
    0.283	actual memory usage for states
  128.000	memory used for hash table (-w24)
    0.534	memory used for DFS stack (-m10000)
  128.730	total actual memory usage



pan: elapsed time 0 seconds
Time diff is: 3 seconds
ltl cc: [] (! (ccviol))
pan:1: assertion violated  !( !( !(ccviol))) (at depth 21)
pan: wrote conspecCausalViol.pml.trail

(Spin Version 6.4.6 -- 2 December 2016)
Warning: Search not completed
	+ Partial Order Reduction

Full statespace search for:
	never claim         	+ (cc)
	assertion violations	+ (if within scope of claim)
	acceptance   cycles 	+ (fairness disabled)
	invalid end states	- (disabled by never claim)

State-vector 267 byte, depth reached 21, errors: 1
       11 states, stored
        0 states, matched
       11 transitions (= stored+matched)
        1 atomic steps
hash conflicts:         0 (resolved)

Stats on memory usage (in Megabytes):
    0.003	equivalent memory usage for states (stored*(State-vector + overhead))
    0.283	actual memory usage for states
  128.000	memory used for hash table (-w24)
    0.534	memory used for DFS stack (-m10000)
  128.730	total actual memory usage



pan: elapsed time 0 seconds
Time diff is: 4 seconds
ltl cc: [] (! (ccviol))
pan:1: assertion violated  !( !( !(ccviol))) (at depth 21)
pan: wrote conspecCausalViol.pml.trail

(Spin Version 6.4.6 -- 2 December 2016)
Warning: Search not completed
	+ Partial Order Reduction

Full statespace search for:
	never claim         	+ (cc)
	assertion violations	+ (if within scope of claim)
	acceptance   cycles 	+ (fairness disabled)
	invalid end states	- (disabled by never claim)

State-vector 267 byte, depth reached 21, errors: 1
       11 states, stored
        0 states, matched
       11 transitions (= stored+matched)
        1 atomic steps
hash conflicts:         0 (resolved)

Stats on memory usage (in Megabytes):
    0.003	equivalent memory usage for states (stored*(State-vector + overhead))
    0.283	actual memory usage for states
  128.000	memory used for hash table (-w24)
    0.534	memory used for DFS stack (-m10000)
  128.730	total actual memory usage



pan: elapsed time 0 seconds
Time diff is: 4 seconds
ltl cc: [] (! (ccviol))
pan:1: assertion violated  !( !( !(ccviol))) (at depth 21)
pan: wrote conspecCausalViol.pml.trail

(Spin Version 6.4.6 -- 2 December 2016)
Warning: Search not completed
	+ Partial Order Reduction

Full statespace search for:
	never claim         	+ (cc)
	assertion violations	+ (if within scope of claim)
	acceptance   cycles 	+ (fairness disabled)
	invalid end states	- (disabled by never claim)

State-vector 267 byte, depth reached 21, errors: 1
       11 states, stored
        0 states, matched
       11 transitions (= stored+matched)
        1 atomic steps
hash conflicts:         0 (resolved)

Stats on memory usage (in Megabytes):
    0.003	equivalent memory usage for states (stored*(State-vector + overhead))
    0.283	actual memory usage for states
  128.000	memory used for hash table (-w24)
    0.534	memory used for DFS stack (-m10000)
  128.730	total actual memory usage



pan: elapsed time 0 seconds
Time diff is: 5 seconds
ltl cc: [] (! (ccviol))
pan:1: assertion violated  !( !( !(ccviol))) (at depth 21)
pan: wrote conspecCausalViol.pml.trail

(Spin Version 6.4.6 -- 2 December 2016)
Warning: Search not completed
	+ Partial Order Reduction

Full statespace search for:
	never claim         	+ (cc)
	assertion violations	+ (if within scope of claim)
	acceptance   cycles 	+ (fairness disabled)
	invalid end states	- (disabled by never claim)

State-vector 267 byte, depth reached 21, errors: 1
       11 states, stored
        0 states, matched
       11 transitions (= stored+matched)
        1 atomic steps
hash conflicts:         0 (resolved)

Stats on memory usage (in Megabytes):
    0.003	equivalent memory usage for states (stored*(State-vector + overhead))
    0.283	actual memory usage for states
  128.000	memory used for hash table (-w24)
    0.534	memory used for DFS stack (-m10000)
  128.730	total actual memory usage



pan: elapsed time 0 seconds
Time diff is: 6 seconds
ltl cc: [] (! (ccviol))
pan:1: assertion violated  !( !( !(ccviol))) (at depth 21)
pan: wrote conspecCausalViol.pml.trail

(Spin Version 6.4.6 -- 2 December 2016)
Warning: Search not completed
	+ Partial Order Reduction

Full statespace search for:
	never claim         	+ (cc)
	assertion violations	+ (if within scope of claim)
	acceptance   cycles 	+ (fairness disabled)
	invalid end states	- (disabled by never claim)

State-vector 267 byte, depth reached 21, errors: 1
       11 states, stored
        0 states, matched
       11 transitions (= stored+matched)
        1 atomic steps
hash conflicts:         0 (resolved)

Stats on memory usage (in Megabytes):
    0.003	equivalent memory usage for states (stored*(State-vector + overhead))
    0.283	actual memory usage for states
  128.000	memory used for hash table (-w24)
    0.534	memory used for DFS stack (-m10000)
  128.730	total actual memory usage



pan: elapsed time 0 seconds
Time diff is: 7 seconds
ltl cc: [] (! (ccviol))
pan:1: assertion violated  !( !( !(ccviol))) (at depth 21)
pan: wrote conspecCausalViol.pml.trail

(Spin Version 6.4.6 -- 2 December 2016)
Warning: Search not completed
	+ Partial Order Reduction

Full statespace search for:
	never claim         	+ (cc)
	assertion violations	+ (if within scope of claim)
	acceptance   cycles 	+ (fairness disabled)
	invalid end states	- (disabled by never claim)

State-vector 267 byte, depth reached 21, errors: 1
       11 states, stored
        0 states, matched
       11 transitions (= stored+matched)
        1 atomic steps
hash conflicts:         0 (resolved)

Stats on memory usage (in Megabytes):
    0.003	equivalent memory usage for states (stored*(State-vector + overhead))
    0.283	actual memory usage for states
  128.000	memory used for hash table (-w24)
    0.534	memory used for DFS stack (-m10000)
  128.730	total actual memory usage



pan: elapsed time 0 seconds
Time diff is: 7 seconds
ltl cc: [] (! (ccviol))
pan:1: assertion violated  !( !( !(ccviol))) (at depth 21)
pan: wrote conspecCausalViol.pml.trail

(Spin Version 6.4.6 -- 2 December 2016)
Warning: Search not completed
	+ Partial Order Reduction

Full statespace search for:
	never claim         	+ (cc)
	assertion violations	+ (if within scope of claim)
	acceptance   cycles 	+ (fairness disabled)
	invalid end states	- (disabled by never claim)

State-vector 267 byte, depth reached 21, errors: 1
       11 states, stored
        0 states, matched
       11 transitions (= stored+matched)
        1 atomic steps
hash conflicts:         0 (resolved)

Stats on memory usage (in Megabytes):
    0.003	equivalent memory usage for states (stored*(State-vector + overhead))
    0.283	actual memory usage for states
  128.000	memory used for hash table (-w24)
    0.534	memory used for DFS stack (-m10000)
  128.730	total actual memory usage



pan: elapsed time 0 seconds
Time diff is: 8 seconds
ltl cc: [] (! (ccviol))
pan:1: assertion violated  !( !( !(ccviol))) (at depth 21)
pan: wrote conspecCausalViol.pml.trail

(Spin Version 6.4.6 -- 2 December 2016)
Warning: Search not completed
	+ Partial Order Reduction

Full statespace search for:
	never claim         	+ (cc)
	assertion violations	+ (if within scope of claim)
	acceptance   cycles 	+ (fairness disabled)
	invalid end states	- (disabled by never claim)

State-vector 267 byte, depth reached 21, errors: 1
       11 states, stored
        0 states, matched
       11 transitions (= stored+matched)
        1 atomic steps
hash conflicts:         0 (resolved)

Stats on memory usage (in Megabytes):
    0.003	equivalent memory usage for states (stored*(State-vector + overhead))
    0.283	actual memory usage for states
  128.000	memory used for hash table (-w24)
    0.534	memory used for DFS stack (-m10000)
  128.730	total actual memory usage



pan: elapsed time 0 seconds
Time diff is: 8 seconds
ltl cc: [] (! (ccviol))
pan:1: assertion violated  !( !( !(ccviol))) (at depth 21)
pan: wrote conspecCausalViol.pml.trail

(Spin Version 6.4.6 -- 2 December 2016)
Warning: Search not completed
	+ Partial Order Reduction

Full statespace search for:
	never claim         	+ (cc)
	assertion violations	+ (if within scope of claim)
	acceptance   cycles 	+ (fairness disabled)
	invalid end states	- (disabled by never claim)

State-vector 267 byte, depth reached 21, errors: 1
       11 states, stored
        0 states, matched
       11 transitions (= stored+matched)
        1 atomic steps
hash conflicts:         0 (resolved)

Stats on memory usage (in Megabytes):
    0.003	equivalent memory usage for states (stored*(State-vector + overhead))
    0.283	actual memory usage for states
  128.000	memory used for hash table (-w24)
    0.534	memory used for DFS stack (-m10000)
  128.730	total actual memory usage



pan: elapsed time 0 seconds
Time diff is: 9 seconds
ltl cc: [] (! (ccviol))
pan:1: assertion violated  !( !( !(ccviol))) (at depth 21)
pan: wrote conspecCausalViol.pml.trail

(Spin Version 6.4.6 -- 2 December 2016)
Warning: Search not completed
	+ Partial Order Reduction

Full statespace search for:
	never claim         	+ (cc)
	assertion violations	+ (if within scope of claim)
	acceptance   cycles 	+ (fairness disabled)
	invalid end states	- (disabled by never claim)

State-vector 267 byte, depth reached 21, errors: 1
       11 states, stored
        0 states, matched
       11 transitions (= stored+matched)
        1 atomic steps
hash conflicts:         0 (resolved)

Stats on memory usage (in Megabytes):
    0.003	equivalent memory usage for states (stored*(State-vector + overhead))
    0.283	actual memory usage for states
  128.000	memory used for hash table (-w24)
    0.534	memory used for DFS stack (-m10000)
  128.730	total actual memory usage



pan: elapsed time 0 seconds
Time diff is: 9 seconds
ltl cc: [] (! (ccviol))
pan:1: assertion violated  !( !( !(ccviol))) (at depth 21)
pan: wrote conspecCausalViol.pml.trail

(Spin Version 6.4.6 -- 2 December 2016)
Warning: Search not completed
	+ Partial Order Reduction

Full statespace search for:
	never claim         	+ (cc)
	assertion violations	+ (if within scope of claim)
	acceptance   cycles 	+ (fairness disabled)
	invalid end states	- (disabled by never claim)

State-vector 267 byte, depth reached 21, errors: 1
       11 states, stored
        0 states, matched
       11 transitions (= stored+matched)
        1 atomic steps
hash conflicts:         0 (resolved)

Stats on memory usage (in Megabytes):
    0.003	equivalent memory usage for states (stored*(State-vector + overhead))
    0.283	actual memory usage for states
  128.000	memory used for hash table (-w24)
    0.534	memory used for DFS stack (-m10000)
  128.730	total actual memory usage



pan: elapsed time 0.01 seconds
Time diff is: 10 seconds
ltl cc: [] (! (ccviol))
pan:1: assertion violated  !( !( !(ccviol))) (at depth 21)
pan: wrote conspecCausalViol.pml.trail

(Spin Version 6.4.6 -- 2 December 2016)
Warning: Search not completed
	+ Partial Order Reduction

Full statespace search for:
	never claim         	+ (cc)
	assertion violations	+ (if within scope of claim)
	acceptance   cycles 	+ (fairness disabled)
	invalid end states	- (disabled by never claim)

State-vector 267 byte, depth reached 21, errors: 1
       11 states, stored
        0 states, matched
       11 transitions (= stored+matched)
        1 atomic steps
hash conflicts:         0 (resolved)

Stats on memory usage (in Megabytes):
    0.003	equivalent memory usage for states (stored*(State-vector + overhead))
    0.283	actual memory usage for states
  128.000	memory used for hash table (-w24)
    0.534	memory used for DFS stack (-m10000)
  128.730	total actual memory usage



pan: elapsed time 0 seconds
Time diff is: 11 seconds
ltl cc: [] (! (ccviol))
pan:1: assertion violated  !( !( !(ccviol))) (at depth 21)
pan: wrote conspecCausalViol.pml.trail

(Spin Version 6.4.6 -- 2 December 2016)
Warning: Search not completed
	+ Partial Order Reduction

Full statespace search for:
	never claim         	+ (cc)
	assertion violations	+ (if within scope of claim)
	acceptance   cycles 	+ (fairness disabled)
	invalid end states	- (disabled by never claim)

State-vector 267 byte, depth reached 21, errors: 1
       11 states, stored
        0 states, matched
       11 transitions (= stored+matched)
        1 atomic steps
hash conflicts:         0 (resolved)

Stats on memory usage (in Megabytes):
    0.003	equivalent memory usage for states (stored*(State-vector + overhead))
    0.283	actual memory usage for states
  128.000	memory used for hash table (-w24)
    0.534	memory used for DFS stack (-m10000)
  128.730	total actual memory usage



pan: elapsed time 0.01 seconds
Time diff is: 11 seconds
ltl cc: [] (! (ccviol))
pan:1: assertion violated  !( !( !(ccviol))) (at depth 21)
pan: wrote conspecCausalViol.pml.trail

(Spin Version 6.4.6 -- 2 December 2016)
Warning: Search not completed
	+ Partial Order Reduction

Full statespace search for:
	never claim         	+ (cc)
	assertion violations	+ (if within scope of claim)
	acceptance   cycles 	+ (fairness disabled)
	invalid end states	- (disabled by never claim)

State-vector 267 byte, depth reached 21, errors: 1
       11 states, stored
        0 states, matched
       11 transitions (= stored+matched)
        1 atomic steps
hash conflicts:         0 (resolved)

Stats on memory usage (in Megabytes):
    0.003	equivalent memory usage for states (stored*(State-vector + overhead))
    0.283	actual memory usage for states
  128.000	memory used for hash table (-w24)
    0.534	memory used for DFS stack (-m10000)
  128.730	total actual memory usage



pan: elapsed time 0 seconds
Time diff is: 12 seconds
ltl cc: [] (! (ccviol))
pan:1: assertion violated  !( !( !(ccviol))) (at depth 21)
pan: wrote conspecCausalViol.pml.trail

(Spin Version 6.4.6 -- 2 December 2016)
Warning: Search not completed
	+ Partial Order Reduction

Full statespace search for:
	never claim         	+ (cc)
	assertion violations	+ (if within scope of claim)
	acceptance   cycles 	+ (fairness disabled)
	invalid end states	- (disabled by never claim)

State-vector 267 byte, depth reached 21, errors: 1
       11 states, stored
        0 states, matched
       11 transitions (= stored+matched)
        1 atomic steps
hash conflicts:         0 (resolved)

Stats on memory usage (in Megabytes):
    0.003	equivalent memory usage for states (stored*(State-vector + overhead))
    0.283	actual memory usage for states
  128.000	memory used for hash table (-w24)
    0.534	memory used for DFS stack (-m10000)
  128.730	total actual memory usage



pan: elapsed time 0 seconds
Time diff is: 13 seconds
ltl cc: [] (! (ccviol))
pan:1: assertion violated  !( !( !(ccviol))) (at depth 21)
pan: wrote conspecCausalViol.pml.trail

(Spin Version 6.4.6 -- 2 December 2016)
Warning: Search not completed
	+ Partial Order Reduction

Full statespace search for:
	never claim         	+ (cc)
	assertion violations	+ (if within scope of claim)
	acceptance   cycles 	+ (fairness disabled)
	invalid end states	- (disabled by never claim)

State-vector 267 byte, depth reached 21, errors: 1
       11 states, stored
        0 states, matched
       11 transitions (= stored+matched)
        1 atomic steps
hash conflicts:         0 (resolved)

Stats on memory usage (in Megabytes):
    0.003	equivalent memory usage for states (stored*(State-vector + overhead))
    0.283	actual memory usage for states
  128.000	memory used for hash table (-w24)
    0.534	memory used for DFS stack (-m10000)
  128.730	total actual memory usage



pan: elapsed time 0 seconds
Time diff is: 13 seconds
ltl cc: [] (! (ccviol))
pan:1: assertion violated  !( !( !(ccviol))) (at depth 21)
pan: wrote conspecCausalViol.pml.trail

(Spin Version 6.4.6 -- 2 December 2016)
Warning: Search not completed
	+ Partial Order Reduction

Full statespace search for:
	never claim         	+ (cc)
	assertion violations	+ (if within scope of claim)
	acceptance   cycles 	+ (fairness disabled)
	invalid end states	- (disabled by never claim)

State-vector 267 byte, depth reached 21, errors: 1
       11 states, stored
        0 states, matched
       11 transitions (= stored+matched)
        1 atomic steps
hash conflicts:         0 (resolved)

Stats on memory usage (in Megabytes):
    0.003	equivalent memory usage for states (stored*(State-vector + overhead))
    0.283	actual memory usage for states
  128.000	memory used for hash table (-w24)
    0.534	memory used for DFS stack (-m10000)
  128.730	total actual memory usage



pan: elapsed time 0 seconds
Time diff is: 14 seconds
ltl cc: [] (! (ccviol))
pan:1: assertion violated  !( !( !(ccviol))) (at depth 21)
pan: wrote conspecCausalViol.pml.trail

(Spin Version 6.4.6 -- 2 December 2016)
Warning: Search not completed
	+ Partial Order Reduction

Full statespace search for:
	never claim         	+ (cc)
	assertion violations	+ (if within scope of claim)
	acceptance   cycles 	+ (fairness disabled)
	invalid end states	- (disabled by never claim)

State-vector 267 byte, depth reached 21, errors: 1
       11 states, stored
        0 states, matched
       11 transitions (= stored+matched)
        1 atomic steps
hash conflicts:         0 (resolved)

Stats on memory usage (in Megabytes):
    0.003	equivalent memory usage for states (stored*(State-vector + overhead))
    0.283	actual memory usage for states
  128.000	memory used for hash table (-w24)
    0.534	memory used for DFS stack (-m10000)
  128.730	total actual memory usage



pan: elapsed time 0 seconds
Time diff is: 14 seconds
ltl cc: [] (! (ccviol))
pan:1: assertion violated  !( !( !(ccviol))) (at depth 21)
pan: wrote conspecCausalViol.pml.trail

(Spin Version 6.4.6 -- 2 December 2016)
Warning: Search not completed
	+ Partial Order Reduction

Full statespace search for:
	never claim         	+ (cc)
	assertion violations	+ (if within scope of claim)
	acceptance   cycles 	+ (fairness disabled)
	invalid end states	- (disabled by never claim)

State-vector 267 byte, depth reached 21, errors: 1
       11 states, stored
        0 states, matched
       11 transitions (= stored+matched)
        1 atomic steps
hash conflicts:         0 (resolved)

Stats on memory usage (in Megabytes):
    0.003	equivalent memory usage for states (stored*(State-vector + overhead))
    0.283	actual memory usage for states
  128.000	memory used for hash table (-w24)
    0.534	memory used for DFS stack (-m10000)
  128.730	total actual memory usage



pan: elapsed time 0 seconds
Time diff is: 15 seconds
ltl cc: [] (! (ccviol))
pan:1: assertion violated  !( !( !(ccviol))) (at depth 21)
pan: wrote conspecCausalViol.pml.trail

(Spin Version 6.4.6 -- 2 December 2016)
Warning: Search not completed
	+ Partial Order Reduction

Full statespace search for:
	never claim         	+ (cc)
	assertion violations	+ (if within scope of claim)
	acceptance   cycles 	+ (fairness disabled)
	invalid end states	- (disabled by never claim)

State-vector 267 byte, depth reached 21, errors: 1
       11 states, stored
        0 states, matched
       11 transitions (= stored+matched)
        1 atomic steps
hash conflicts:         0 (resolved)

Stats on memory usage (in Megabytes):
    0.003	equivalent memory usage for states (stored*(State-vector + overhead))
    0.283	actual memory usage for states
  128.000	memory used for hash table (-w24)
    0.534	memory used for DFS stack (-m10000)
  128.730	total actual memory usage



pan: elapsed time 0 seconds
Time diff is: 16 seconds
ltl cc: [] (! (ccviol))
pan:1: assertion violated  !( !( !(ccviol))) (at depth 21)
pan: wrote conspecCausalViol.pml.trail

(Spin Version 6.4.6 -- 2 December 2016)
Warning: Search not completed
	+ Partial Order Reduction

Full statespace search for:
	never claim         	+ (cc)
	assertion violations	+ (if within scope of claim)
	acceptance   cycles 	+ (fairness disabled)
	invalid end states	- (disabled by never claim)

State-vector 267 byte, depth reached 21, errors: 1
       11 states, stored
        0 states, matched
       11 transitions (= stored+matched)
        1 atomic steps
hash conflicts:         0 (resolved)

Stats on memory usage (in Megabytes):
    0.003	equivalent memory usage for states (stored*(State-vector + overhead))
    0.283	actual memory usage for states
  128.000	memory used for hash table (-w24)
    0.534	memory used for DFS stack (-m10000)
  128.730	total actual memory usage



pan: elapsed time 0 seconds
Time diff is: 16 seconds
ltl cc: [] (! (ccviol))
pan:1: assertion violated  !( !( !(ccviol))) (at depth 21)
pan: wrote conspecCausalViol.pml.trail

(Spin Version 6.4.6 -- 2 December 2016)
Warning: Search not completed
	+ Partial Order Reduction

Full statespace search for:
	never claim         	+ (cc)
	assertion violations	+ (if within scope of claim)
	acceptance   cycles 	+ (fairness disabled)
	invalid end states	- (disabled by never claim)

State-vector 267 byte, depth reached 21, errors: 1
       11 states, stored
        0 states, matched
       11 transitions (= stored+matched)
        1 atomic steps
hash conflicts:         0 (resolved)

Stats on memory usage (in Megabytes):
    0.003	equivalent memory usage for states (stored*(State-vector + overhead))
    0.283	actual memory usage for states
  128.000	memory used for hash table (-w24)
    0.534	memory used for DFS stack (-m10000)
  128.730	total actual memory usage



pan: elapsed time 0 seconds
Time diff is: 17 seconds
ltl cc: [] (! (ccviol))
pan:1: assertion violated  !( !( !(ccviol))) (at depth 21)
pan: wrote conspecCausalViol.pml.trail

(Spin Version 6.4.6 -- 2 December 2016)
Warning: Search not completed
	+ Partial Order Reduction

Full statespace search for:
	never claim         	+ (cc)
	assertion violations	+ (if within scope of claim)
	acceptance   cycles 	+ (fairness disabled)
	invalid end states	- (disabled by never claim)

State-vector 267 byte, depth reached 21, errors: 1
       11 states, stored
        0 states, matched
       11 transitions (= stored+matched)
        1 atomic steps
hash conflicts:         0 (resolved)

Stats on memory usage (in Megabytes):
    0.003	equivalent memory usage for states (stored*(State-vector + overhead))
    0.283	actual memory usage for states
  128.000	memory used for hash table (-w24)
    0.534	memory used for DFS stack (-m10000)
  128.730	total actual memory usage



pan: elapsed time 0 seconds
Time diff is: 18 seconds
ltl cc: [] (! (ccviol))
pan:1: assertion violated  !( !( !(ccviol))) (at depth 21)
pan: wrote conspecCausalViol.pml.trail

(Spin Version 6.4.6 -- 2 December 2016)
Warning: Search not completed
	+ Partial Order Reduction

Full statespace search for:
	never claim         	+ (cc)
	assertion violations	+ (if within scope of claim)
	acceptance   cycles 	+ (fairness disabled)
	invalid end states	- (disabled by never claim)

State-vector 267 byte, depth reached 21, errors: 1
       11 states, stored
        0 states, matched
       11 transitions (= stored+matched)
        1 atomic steps
hash conflicts:         0 (resolved)

Stats on memory usage (in Megabytes):
    0.003	equivalent memory usage for states (stored*(State-vector + overhead))
    0.283	actual memory usage for states
  128.000	memory used for hash table (-w24)
    0.534	memory used for DFS stack (-m10000)
  128.730	total actual memory usage



pan: elapsed time 0 seconds
Time diff is: 18 seconds
ltl cc: [] (! (ccviol))
pan:1: assertion violated  !( !( !(ccviol))) (at depth 21)
pan: wrote conspecCausalViol.pml.trail

(Spin Version 6.4.6 -- 2 December 2016)
Warning: Search not completed
	+ Partial Order Reduction

Full statespace search for:
	never claim         	+ (cc)
	assertion violations	+ (if within scope of claim)
	acceptance   cycles 	+ (fairness disabled)
	invalid end states	- (disabled by never claim)

State-vector 267 byte, depth reached 21, errors: 1
       11 states, stored
        0 states, matched
       11 transitions (= stored+matched)
        1 atomic steps
hash conflicts:         0 (resolved)

Stats on memory usage (in Megabytes):
    0.003	equivalent memory usage for states (stored*(State-vector + overhead))
    0.283	actual memory usage for states
  128.000	memory used for hash table (-w24)
    0.534	memory used for DFS stack (-m10000)
  128.730	total actual memory usage



pan: elapsed time 0 seconds
Time diff is: 19 seconds
ltl cc: [] (! (ccviol))
pan:1: assertion violated  !( !( !(ccviol))) (at depth 21)
pan: wrote conspecCausalViol.pml.trail

(Spin Version 6.4.6 -- 2 December 2016)
Warning: Search not completed
	+ Partial Order Reduction

Full statespace search for:
	never claim         	+ (cc)
	assertion violations	+ (if within scope of claim)
	acceptance   cycles 	+ (fairness disabled)
	invalid end states	- (disabled by never claim)

State-vector 267 byte, depth reached 21, errors: 1
       11 states, stored
        0 states, matched
       11 transitions (= stored+matched)
        1 atomic steps
hash conflicts:         0 (resolved)

Stats on memory usage (in Megabytes):
    0.003	equivalent memory usage for states (stored*(State-vector + overhead))
    0.283	actual memory usage for states
  128.000	memory used for hash table (-w24)
    0.534	memory used for DFS stack (-m10000)
  128.730	total actual memory usage



pan: elapsed time 0 seconds
Time diff is: 19 seconds
ltl cc: [] (! (ccviol))
pan:1: assertion violated  !( !( !(ccviol))) (at depth 21)
pan: wrote conspecCausalViol.pml.trail

(Spin Version 6.4.6 -- 2 December 2016)
Warning: Search not completed
	+ Partial Order Reduction

Full statespace search for:
	never claim         	+ (cc)
	assertion violations	+ (if within scope of claim)
	acceptance   cycles 	+ (fairness disabled)
	invalid end states	- (disabled by never claim)

State-vector 267 byte, depth reached 21, errors: 1
       11 states, stored
        0 states, matched
       11 transitions (= stored+matched)
        1 atomic steps
hash conflicts:         0 (resolved)

Stats on memory usage (in Megabytes):
    0.003	equivalent memory usage for states (stored*(State-vector + overhead))
    0.283	actual memory usage for states
  128.000	memory used for hash table (-w24)
    0.534	memory used for DFS stack (-m10000)
  128.730	total actual memory usage



pan: elapsed time 0 seconds
Time diff is: 20 seconds
ltl cc: [] (! (ccviol))
pan:1: assertion violated  !( !( !(ccviol))) (at depth 21)
pan: wrote conspecCausalViol.pml.trail

(Spin Version 6.4.6 -- 2 December 2016)
Warning: Search not completed
	+ Partial Order Reduction

Full statespace search for:
	never claim         	+ (cc)
	assertion violations	+ (if within scope of claim)
	acceptance   cycles 	+ (fairness disabled)
	invalid end states	- (disabled by never claim)

State-vector 267 byte, depth reached 21, errors: 1
       11 states, stored
        0 states, matched
       11 transitions (= stored+matched)
        1 atomic steps
hash conflicts:         0 (resolved)

Stats on memory usage (in Megabytes):
    0.003	equivalent memory usage for states (stored*(State-vector + overhead))
    0.283	actual memory usage for states
  128.000	memory used for hash table (-w24)
    0.534	memory used for DFS stack (-m10000)
  128.730	total actual memory usage



pan: elapsed time 0.01 seconds
Time diff is: 20 seconds
ltl cc: [] (! (ccviol))
pan:1: assertion violated  !( !( !(ccviol))) (at depth 21)
pan: wrote conspecCausalViol.pml.trail

(Spin Version 6.4.6 -- 2 December 2016)
Warning: Search not completed
	+ Partial Order Reduction

Full statespace search for:
	never claim         	+ (cc)
	assertion violations	+ (if within scope of claim)
	acceptance   cycles 	+ (fairness disabled)
	invalid end states	- (disabled by never claim)

State-vector 267 byte, depth reached 21, errors: 1
       11 states, stored
        0 states, matched
       11 transitions (= stored+matched)
        1 atomic steps
hash conflicts:         0 (resolved)

Stats on memory usage (in Megabytes):
    0.003	equivalent memory usage for states (stored*(State-vector + overhead))
    0.283	actual memory usage for states
  128.000	memory used for hash table (-w24)
    0.534	memory used for DFS stack (-m10000)
  128.730	total actual memory usage



pan: elapsed time 0 seconds
Time diff is: 21 seconds
ltl cc: [] (! (ccviol))
pan:1: assertion violated  !( !( !(ccviol))) (at depth 21)
pan: wrote conspecCausalViol.pml.trail

(Spin Version 6.4.6 -- 2 December 2016)
Warning: Search not completed
	+ Partial Order Reduction

Full statespace search for:
	never claim         	+ (cc)
	assertion violations	+ (if within scope of claim)
	acceptance   cycles 	+ (fairness disabled)
	invalid end states	- (disabled by never claim)

State-vector 267 byte, depth reached 21, errors: 1
       11 states, stored
        0 states, matched
       11 transitions (= stored+matched)
        1 atomic steps
hash conflicts:         0 (resolved)

Stats on memory usage (in Megabytes):
    0.003	equivalent memory usage for states (stored*(State-vector + overhead))
    0.283	actual memory usage for states
  128.000	memory used for hash table (-w24)
    0.534	memory used for DFS stack (-m10000)
  128.730	total actual memory usage



pan: elapsed time 0.01 seconds
Time diff is: 22 seconds
ltl cc: [] (! (ccviol))
pan:1: assertion violated  !( !( !(ccviol))) (at depth 21)
pan: wrote conspecCausalViol.pml.trail

(Spin Version 6.4.6 -- 2 December 2016)
Warning: Search not completed
	+ Partial Order Reduction

Full statespace search for:
	never claim         	+ (cc)
	assertion violations	+ (if within scope of claim)
	acceptance   cycles 	+ (fairness disabled)
	invalid end states	- (disabled by never claim)

State-vector 267 byte, depth reached 21, errors: 1
       11 states, stored
        0 states, matched
       11 transitions (= stored+matched)
        1 atomic steps
hash conflicts:         0 (resolved)

Stats on memory usage (in Megabytes):
    0.003	equivalent memory usage for states (stored*(State-vector + overhead))
    0.283	actual memory usage for states
  128.000	memory used for hash table (-w24)
    0.534	memory used for DFS stack (-m10000)
  128.730	total actual memory usage



pan: elapsed time 0 seconds
Time diff is: 22 seconds
ltl cc: [] (! (ccviol))
pan:1: assertion violated  !( !( !(ccviol))) (at depth 21)
pan: wrote conspecCausalViol.pml.trail

(Spin Version 6.4.6 -- 2 December 2016)
Warning: Search not completed
	+ Partial Order Reduction

Full statespace search for:
	never claim         	+ (cc)
	assertion violations	+ (if within scope of claim)
	acceptance   cycles 	+ (fairness disabled)
	invalid end states	- (disabled by never claim)

State-vector 267 byte, depth reached 21, errors: 1
       11 states, stored
        0 states, matched
       11 transitions (= stored+matched)
        1 atomic steps
hash conflicts:         0 (resolved)

Stats on memory usage (in Megabytes):
    0.003	equivalent memory usage for states (stored*(State-vector + overhead))
    0.283	actual memory usage for states
  128.000	memory used for hash table (-w24)
    0.534	memory used for DFS stack (-m10000)
  128.730	total actual memory usage



pan: elapsed time 0 seconds
Time diff is: 23 seconds
ltl cc: [] (! (ccviol))
pan:1: assertion violated  !( !( !(ccviol))) (at depth 21)
pan: wrote conspecCausalViol.pml.trail

(Spin Version 6.4.6 -- 2 December 2016)
Warning: Search not completed
	+ Partial Order Reduction

Full statespace search for:
	never claim         	+ (cc)
	assertion violations	+ (if within scope of claim)
	acceptance   cycles 	+ (fairness disabled)
	invalid end states	- (disabled by never claim)

State-vector 267 byte, depth reached 21, errors: 1
       11 states, stored
        0 states, matched
       11 transitions (= stored+matched)
        1 atomic steps
hash conflicts:         0 (resolved)

Stats on memory usage (in Megabytes):
    0.003	equivalent memory usage for states (stored*(State-vector + overhead))
    0.283	actual memory usage for states
  128.000	memory used for hash table (-w24)
    0.534	memory used for DFS stack (-m10000)
  128.730	total actual memory usage



pan: elapsed time 0 seconds
Time diff is: 23 seconds
ltl cc: [] (! (ccviol))
pan:1: assertion violated  !( !( !(ccviol))) (at depth 21)
pan: wrote conspecCausalViol.pml.trail

(Spin Version 6.4.6 -- 2 December 2016)
Warning: Search not completed
	+ Partial Order Reduction

Full statespace search for:
	never claim         	+ (cc)
	assertion violations	+ (if within scope of claim)
	acceptance   cycles 	+ (fairness disabled)
	invalid end states	- (disabled by never claim)

State-vector 267 byte, depth reached 21, errors: 1
       11 states, stored
        0 states, matched
       11 transitions (= stored+matched)
        1 atomic steps
hash conflicts:         0 (resolved)

Stats on memory usage (in Megabytes):
    0.003	equivalent memory usage for states (stored*(State-vector + overhead))
    0.283	actual memory usage for states
  128.000	memory used for hash table (-w24)
    0.534	memory used for DFS stack (-m10000)
  128.730	total actual memory usage



pan: elapsed time 0 seconds
Time diff is: 24 seconds
ltl cc: [] (! (ccviol))
pan:1: assertion violated  !( !( !(ccviol))) (at depth 21)
pan: wrote conspecCausalViol.pml.trail

(Spin Version 6.4.6 -- 2 December 2016)
Warning: Search not completed
	+ Partial Order Reduction

Full statespace search for:
	never claim         	+ (cc)
	assertion violations	+ (if within scope of claim)
	acceptance   cycles 	+ (fairness disabled)
	invalid end states	- (disabled by never claim)

State-vector 267 byte, depth reached 21, errors: 1
       11 states, stored
        0 states, matched
       11 transitions (= stored+matched)
        1 atomic steps
hash conflicts:         0 (resolved)

Stats on memory usage (in Megabytes):
    0.003	equivalent memory usage for states (stored*(State-vector + overhead))
    0.283	actual memory usage for states
  128.000	memory used for hash table (-w24)
    0.534	memory used for DFS stack (-m10000)
  128.730	total actual memory usage



pan: elapsed time 0 seconds
Time diff is: 24 seconds
ltl cc: [] (! (ccviol))
pan:1: assertion violated  !( !( !(ccviol))) (at depth 21)
pan: wrote conspecCausalViol.pml.trail

(Spin Version 6.4.6 -- 2 December 2016)
Warning: Search not completed
	+ Partial Order Reduction

Full statespace search for:
	never claim         	+ (cc)
	assertion violations	+ (if within scope of claim)
	acceptance   cycles 	+ (fairness disabled)
	invalid end states	- (disabled by never claim)

State-vector 267 byte, depth reached 21, errors: 1
       11 states, stored
        0 states, matched
       11 transitions (= stored+matched)
        1 atomic steps
hash conflicts:         0 (resolved)

Stats on memory usage (in Megabytes):
    0.003	equivalent memory usage for states (stored*(State-vector + overhead))
    0.283	actual memory usage for states
  128.000	memory used for hash table (-w24)
    0.534	memory used for DFS stack (-m10000)
  128.730	total actual memory usage



pan: elapsed time 0 seconds
Time diff is: 25 seconds
ltl cc: [] (! (ccviol))
pan:1: assertion violated  !( !( !(ccviol))) (at depth 21)
pan: wrote conspecCausalViol.pml.trail

(Spin Version 6.4.6 -- 2 December 2016)
Warning: Search not completed
	+ Partial Order Reduction

Full statespace search for:
	never claim         	+ (cc)
	assertion violations	+ (if within scope of claim)
	acceptance   cycles 	+ (fairness disabled)
	invalid end states	- (disabled by never claim)

State-vector 267 byte, depth reached 21, errors: 1
       11 states, stored
        0 states, matched
       11 transitions (= stored+matched)
        1 atomic steps
hash conflicts:         0 (resolved)

Stats on memory usage (in Megabytes):
    0.003	equivalent memory usage for states (stored*(State-vector + overhead))
    0.283	actual memory usage for states
  128.000	memory used for hash table (-w24)
    0.534	memory used for DFS stack (-m10000)
  128.730	total actual memory usage



pan: elapsed time 0 seconds
Time diff is: 26 seconds
ltl cc: [] (! (ccviol))
pan:1: assertion violated  !( !( !(ccviol))) (at depth 21)
pan: wrote conspecCausalViol.pml.trail

(Spin Version 6.4.6 -- 2 December 2016)
Warning: Search not completed
	+ Partial Order Reduction

Full statespace search for:
	never claim         	+ (cc)
	assertion violations	+ (if within scope of claim)
	acceptance   cycles 	+ (fairness disabled)
	invalid end states	- (disabled by never claim)

State-vector 267 byte, depth reached 21, errors: 1
       11 states, stored
        0 states, matched
       11 transitions (= stored+matched)
        1 atomic steps
hash conflicts:         0 (resolved)

Stats on memory usage (in Megabytes):
    0.003	equivalent memory usage for states (stored*(State-vector + overhead))
    0.283	actual memory usage for states
  128.000	memory used for hash table (-w24)
    0.534	memory used for DFS stack (-m10000)
  128.730	total actual memory usage



pan: elapsed time 0 seconds
Time diff is: 26 seconds
ltl cc: [] (! (ccviol))
pan:1: assertion violated  !( !( !(ccviol))) (at depth 21)
pan: wrote conspecCausalViol.pml.trail

(Spin Version 6.4.6 -- 2 December 2016)
Warning: Search not completed
	+ Partial Order Reduction

Full statespace search for:
	never claim         	+ (cc)
	assertion violations	+ (if within scope of claim)
	acceptance   cycles 	+ (fairness disabled)
	invalid end states	- (disabled by never claim)

State-vector 267 byte, depth reached 21, errors: 1
       11 states, stored
        0 states, matched
       11 transitions (= stored+matched)
        1 atomic steps
hash conflicts:         0 (resolved)

Stats on memory usage (in Megabytes):
    0.003	equivalent memory usage for states (stored*(State-vector + overhead))
    0.283	actual memory usage for states
  128.000	memory used for hash table (-w24)
    0.534	memory used for DFS stack (-m10000)
  128.730	total actual memory usage



pan: elapsed time 0 seconds
Time diff is: 27 seconds
ltl cc: [] (! (ccviol))
pan:1: assertion violated  !( !( !(ccviol))) (at depth 21)
pan: wrote conspecCausalViol.pml.trail

(Spin Version 6.4.6 -- 2 December 2016)
Warning: Search not completed
	+ Partial Order Reduction

Full statespace search for:
	never claim         	+ (cc)
	assertion violations	+ (if within scope of claim)
	acceptance   cycles 	+ (fairness disabled)
	invalid end states	- (disabled by never claim)

State-vector 267 byte, depth reached 21, errors: 1
       11 states, stored
        0 states, matched
       11 transitions (= stored+matched)
        1 atomic steps
hash conflicts:         0 (resolved)

Stats on memory usage (in Megabytes):
    0.003	equivalent memory usage for states (stored*(State-vector + overhead))
    0.283	actual memory usage for states
  128.000	memory used for hash table (-w24)
    0.534	memory used for DFS stack (-m10000)
  128.730	total actual memory usage



pan: elapsed time 0 seconds
Time diff is: 28 seconds
ltl cc: [] (! (ccviol))
pan:1: assertion violated  !( !( !(ccviol))) (at depth 21)
pan: wrote conspecCausalViol.pml.trail

(Spin Version 6.4.6 -- 2 December 2016)
Warning: Search not completed
	+ Partial Order Reduction

Full statespace search for:
	never claim         	+ (cc)
	assertion violations	+ (if within scope of claim)
	acceptance   cycles 	+ (fairness disabled)
	invalid end states	- (disabled by never claim)

State-vector 267 byte, depth reached 21, errors: 1
       11 states, stored
        0 states, matched
       11 transitions (= stored+matched)
        1 atomic steps
hash conflicts:         0 (resolved)

Stats on memory usage (in Megabytes):
    0.003	equivalent memory usage for states (stored*(State-vector + overhead))
    0.283	actual memory usage for states
  128.000	memory used for hash table (-w24)
    0.534	memory used for DFS stack (-m10000)
  128.730	total actual memory usage



pan: elapsed time 0 seconds
Time diff is: 28 seconds
ltl cc: [] (! (ccviol))
pan:1: assertion violated  !( !( !(ccviol))) (at depth 21)
pan: wrote conspecCausalViol.pml.trail

(Spin Version 6.4.6 -- 2 December 2016)
Warning: Search not completed
	+ Partial Order Reduction

Full statespace search for:
	never claim         	+ (cc)
	assertion violations	+ (if within scope of claim)
	acceptance   cycles 	+ (fairness disabled)
	invalid end states	- (disabled by never claim)

State-vector 267 byte, depth reached 21, errors: 1
       11 states, stored
        0 states, matched
       11 transitions (= stored+matched)
        1 atomic steps
hash conflicts:         0 (resolved)

Stats on memory usage (in Megabytes):
    0.003	equivalent memory usage for states (stored*(State-vector + overhead))
    0.283	actual memory usage for states
  128.000	memory used for hash table (-w24)
    0.534	memory used for DFS stack (-m10000)
  128.730	total actual memory usage



pan: elapsed time 0 seconds
Time diff is: 29 seconds
ltl cc: [] (! (ccviol))
pan:1: assertion violated  !( !( !(ccviol))) (at depth 21)
pan: wrote conspecCausalViol.pml.trail

(Spin Version 6.4.6 -- 2 December 2016)
Warning: Search not completed
	+ Partial Order Reduction

Full statespace search for:
	never claim         	+ (cc)
	assertion violations	+ (if within scope of claim)
	acceptance   cycles 	+ (fairness disabled)
	invalid end states	- (disabled by never claim)

State-vector 267 byte, depth reached 21, errors: 1
       11 states, stored
        0 states, matched
       11 transitions (= stored+matched)
        1 atomic steps
hash conflicts:         0 (resolved)

Stats on memory usage (in Megabytes):
    0.003	equivalent memory usage for states (stored*(State-vector + overhead))
    0.283	actual memory usage for states
  128.000	memory used for hash table (-w24)
    0.534	memory used for DFS stack (-m10000)
  128.730	total actual memory usage



pan: elapsed time 0 seconds
Time diff is: 29 seconds
ltl cc: [] (! (ccviol))
pan:1: assertion violated  !( !( !(ccviol))) (at depth 21)
pan: wrote conspecCausalViol.pml.trail

(Spin Version 6.4.6 -- 2 December 2016)
Warning: Search not completed
	+ Partial Order Reduction

Full statespace search for:
	never claim         	+ (cc)
	assertion violations	+ (if within scope of claim)
	acceptance   cycles 	+ (fairness disabled)
	invalid end states	- (disabled by never claim)

State-vector 267 byte, depth reached 21, errors: 1
       11 states, stored
        0 states, matched
       11 transitions (= stored+matched)
        1 atomic steps
hash conflicts:         0 (resolved)

Stats on memory usage (in Megabytes):
    0.003	equivalent memory usage for states (stored*(State-vector + overhead))
    0.283	actual memory usage for states
  128.000	memory used for hash table (-w24)
    0.534	memory used for DFS stack (-m10000)
  128.730	total actual memory usage



pan: elapsed time 0 seconds
Time diff is: 30 seconds
ltl cc: [] (! (ccviol))
pan:1: assertion violated  !( !( !(ccviol))) (at depth 21)
pan: wrote conspecCausalViol.pml.trail

(Spin Version 6.4.6 -- 2 December 2016)
Warning: Search not completed
	+ Partial Order Reduction

Full statespace search for:
	never claim         	+ (cc)
	assertion violations	+ (if within scope of claim)
	acceptance   cycles 	+ (fairness disabled)
	invalid end states	- (disabled by never claim)

State-vector 267 byte, depth reached 21, errors: 1
       11 states, stored
        0 states, matched
       11 transitions (= stored+matched)
        1 atomic steps
hash conflicts:         0 (resolved)

Stats on memory usage (in Megabytes):
    0.003	equivalent memory usage for states (stored*(State-vector + overhead))
    0.283	actual memory usage for states
  128.000	memory used for hash table (-w24)
    0.534	memory used for DFS stack (-m10000)
  128.730	total actual memory usage



pan: elapsed time 0 seconds
Time diff is: 30 seconds
ltl cc: [] (! (ccviol))
pan:1: assertion violated  !( !( !(ccviol))) (at depth 21)
pan: wrote conspecCausalViol.pml.trail

(Spin Version 6.4.6 -- 2 December 2016)
Warning: Search not completed
	+ Partial Order Reduction

Full statespace search for:
	never claim         	+ (cc)
	assertion violations	+ (if within scope of claim)
	acceptance   cycles 	+ (fairness disabled)
	invalid end states	- (disabled by never claim)

State-vector 267 byte, depth reached 21, errors: 1
       11 states, stored
        0 states, matched
       11 transitions (= stored+matched)
        1 atomic steps
hash conflicts:         0 (resolved)

Stats on memory usage (in Megabytes):
    0.003	equivalent memory usage for states (stored*(State-vector + overhead))
    0.283	actual memory usage for states
  128.000	memory used for hash table (-w24)
    0.534	memory used for DFS stack (-m10000)
  128.730	total actual memory usage



pan: elapsed time 0 seconds
Time diff is: 31 seconds
ltl cc: [] (! (ccviol))
pan:1: assertion violated  !( !( !(ccviol))) (at depth 21)
pan: wrote conspecCausalViol.pml.trail

(Spin Version 6.4.6 -- 2 December 2016)
Warning: Search not completed
	+ Partial Order Reduction

Full statespace search for:
	never claim         	+ (cc)
	assertion violations	+ (if within scope of claim)
	acceptance   cycles 	+ (fairness disabled)
	invalid end states	- (disabled by never claim)

State-vector 267 byte, depth reached 21, errors: 1
       11 states, stored
        0 states, matched
       11 transitions (= stored+matched)
        1 atomic steps
hash conflicts:         0 (resolved)

Stats on memory usage (in Megabytes):
    0.003	equivalent memory usage for states (stored*(State-vector + overhead))
    0.283	actual memory usage for states
  128.000	memory used for hash table (-w24)
    0.534	memory used for DFS stack (-m10000)
  128.730	total actual memory usage



pan: elapsed time 0 seconds
Time diff is: 32 seconds
ltl cc: [] (! (ccviol))
pan:1: assertion violated  !( !( !(ccviol))) (at depth 21)
pan: wrote conspecCausalViol.pml.trail

(Spin Version 6.4.6 -- 2 December 2016)
Warning: Search not completed
	+ Partial Order Reduction

Full statespace search for:
	never claim         	+ (cc)
	assertion violations	+ (if within scope of claim)
	acceptance   cycles 	+ (fairness disabled)
	invalid end states	- (disabled by never claim)

State-vector 267 byte, depth reached 21, errors: 1
       11 states, stored
        0 states, matched
       11 transitions (= stored+matched)
        1 atomic steps
hash conflicts:         0 (resolved)

Stats on memory usage (in Megabytes):
    0.003	equivalent memory usage for states (stored*(State-vector + overhead))
    0.283	actual memory usage for states
  128.000	memory used for hash table (-w24)
    0.534	memory used for DFS stack (-m10000)
  128.730	total actual memory usage



pan: elapsed time 0 seconds
Time diff is: 32 seconds
ltl cc: [] (! (ccviol))
pan:1: assertion violated  !( !( !(ccviol))) (at depth 21)
pan: wrote conspecCausalViol.pml.trail

(Spin Version 6.4.6 -- 2 December 2016)
Warning: Search not completed
	+ Partial Order Reduction

Full statespace search for:
	never claim         	+ (cc)
	assertion violations	+ (if within scope of claim)
	acceptance   cycles 	+ (fairness disabled)
	invalid end states	- (disabled by never claim)

State-vector 267 byte, depth reached 21, errors: 1
       11 states, stored
        0 states, matched
       11 transitions (= stored+matched)
        1 atomic steps
hash conflicts:         0 (resolved)

Stats on memory usage (in Megabytes):
    0.003	equivalent memory usage for states (stored*(State-vector + overhead))
    0.283	actual memory usage for states
  128.000	memory used for hash table (-w24)
    0.534	memory used for DFS stack (-m10000)
  128.730	total actual memory usage



pan: elapsed time 0 seconds
Time diff is: 33 seconds
ltl cc: [] (! (ccviol))
pan:1: assertion violated  !( !( !(ccviol))) (at depth 21)
pan: wrote conspecCausalViol.pml.trail

(Spin Version 6.4.6 -- 2 December 2016)
Warning: Search not completed
	+ Partial Order Reduction

Full statespace search for:
	never claim         	+ (cc)
	assertion violations	+ (if within scope of claim)
	acceptance   cycles 	+ (fairness disabled)
	invalid end states	- (disabled by never claim)

State-vector 267 byte, depth reached 21, errors: 1
       11 states, stored
        0 states, matched
       11 transitions (= stored+matched)
        1 atomic steps
hash conflicts:         0 (resolved)

Stats on memory usage (in Megabytes):
    0.003	equivalent memory usage for states (stored*(State-vector + overhead))
    0.283	actual memory usage for states
  128.000	memory used for hash table (-w24)
    0.534	memory used for DFS stack (-m10000)
  128.730	total actual memory usage



pan: elapsed time 0 seconds
Time diff is: 33 seconds
ltl cc: [] (! (ccviol))
pan:1: assertion violated  !( !( !(ccviol))) (at depth 21)
pan: wrote conspecCausalViol.pml.trail

(Spin Version 6.4.6 -- 2 December 2016)
Warning: Search not completed
	+ Partial Order Reduction

Full statespace search for:
	never claim         	+ (cc)
	assertion violations	+ (if within scope of claim)
	acceptance   cycles 	+ (fairness disabled)
	invalid end states	- (disabled by never claim)

State-vector 267 byte, depth reached 21, errors: 1
       11 states, stored
        0 states, matched
       11 transitions (= stored+matched)
        1 atomic steps
hash conflicts:         0 (resolved)

Stats on memory usage (in Megabytes):
    0.003	equivalent memory usage for states (stored*(State-vector + overhead))
    0.283	actual memory usage for states
  128.000	memory used for hash table (-w24)
    0.534	memory used for DFS stack (-m10000)
  128.730	total actual memory usage



pan: elapsed time 0 seconds
Time diff is: 34 seconds
ltl cc: [] (! (ccviol))
pan:1: assertion violated  !( !( !(ccviol))) (at depth 21)
pan: wrote conspecCausalViol.pml.trail

(Spin Version 6.4.6 -- 2 December 2016)
Warning: Search not completed
	+ Partial Order Reduction

Full statespace search for:
	never claim         	+ (cc)
	assertion violations	+ (if within scope of claim)
	acceptance   cycles 	+ (fairness disabled)
	invalid end states	- (disabled by never claim)

State-vector 267 byte, depth reached 21, errors: 1
       11 states, stored
        0 states, matched
       11 transitions (= stored+matched)
        1 atomic steps
hash conflicts:         0 (resolved)

Stats on memory usage (in Megabytes):
    0.003	equivalent memory usage for states (stored*(State-vector + overhead))
    0.283	actual memory usage for states
  128.000	memory used for hash table (-w24)
    0.534	memory used for DFS stack (-m10000)
  128.730	total actual memory usage



pan: elapsed time 0 seconds
Time diff is: 34 seconds
ltl cc: [] (! (ccviol))
pan:1: assertion violated  !( !( !(ccviol))) (at depth 21)
pan: wrote conspecCausalViol.pml.trail

(Spin Version 6.4.6 -- 2 December 2016)
Warning: Search not completed
	+ Partial Order Reduction

Full statespace search for:
	never claim         	+ (cc)
	assertion violations	+ (if within scope of claim)
	acceptance   cycles 	+ (fairness disabled)
	invalid end states	- (disabled by never claim)

State-vector 267 byte, depth reached 21, errors: 1
       11 states, stored
        0 states, matched
       11 transitions (= stored+matched)
        1 atomic steps
hash conflicts:         0 (resolved)

Stats on memory usage (in Megabytes):
    0.003	equivalent memory usage for states (stored*(State-vector + overhead))
    0.283	actual memory usage for states
  128.000	memory used for hash table (-w24)
    0.534	memory used for DFS stack (-m10000)
  128.730	total actual memory usage



pan: elapsed time 0 seconds
Time diff is: 35 seconds
ltl cc: [] (! (ccviol))
pan:1: assertion violated  !( !( !(ccviol))) (at depth 21)
pan: wrote conspecCausalViol.pml.trail

(Spin Version 6.4.6 -- 2 December 2016)
Warning: Search not completed
	+ Partial Order Reduction

Full statespace search for:
	never claim         	+ (cc)
	assertion violations	+ (if within scope of claim)
	acceptance   cycles 	+ (fairness disabled)
	invalid end states	- (disabled by never claim)

State-vector 267 byte, depth reached 21, errors: 1
       11 states, stored
        0 states, matched
       11 transitions (= stored+matched)
        1 atomic steps
hash conflicts:         0 (resolved)

Stats on memory usage (in Megabytes):
    0.003	equivalent memory usage for states (stored*(State-vector + overhead))
    0.283	actual memory usage for states
  128.000	memory used for hash table (-w24)
    0.534	memory used for DFS stack (-m10000)
  128.730	total actual memory usage



pan: elapsed time 0 seconds
Time diff is: 36 seconds
ltl cc: [] (! (ccviol))
pan:1: assertion violated  !( !( !(ccviol))) (at depth 21)
pan: wrote conspecCausalViol.pml.trail

(Spin Version 6.4.6 -- 2 December 2016)
Warning: Search not completed
	+ Partial Order Reduction

Full statespace search for:
	never claim         	+ (cc)
	assertion violations	+ (if within scope of claim)
	acceptance   cycles 	+ (fairness disabled)
	invalid end states	- (disabled by never claim)

State-vector 267 byte, depth reached 21, errors: 1
       11 states, stored
        0 states, matched
       11 transitions (= stored+matched)
        1 atomic steps
hash conflicts:         0 (resolved)

Stats on memory usage (in Megabytes):
    0.003	equivalent memory usage for states (stored*(State-vector + overhead))
    0.283	actual memory usage for states
  128.000	memory used for hash table (-w24)
    0.534	memory used for DFS stack (-m10000)
  128.730	total actual memory usage



pan: elapsed time 0 seconds
Time diff is: 36 seconds
ltl cc: [] (! (ccviol))
pan:1: assertion violated  !( !( !(ccviol))) (at depth 21)
pan: wrote conspecCausalViol.pml.trail

(Spin Version 6.4.6 -- 2 December 2016)
Warning: Search not completed
	+ Partial Order Reduction

Full statespace search for:
	never claim         	+ (cc)
	assertion violations	+ (if within scope of claim)
	acceptance   cycles 	+ (fairness disabled)
	invalid end states	- (disabled by never claim)

State-vector 267 byte, depth reached 21, errors: 1
       11 states, stored
        0 states, matched
       11 transitions (= stored+matched)
        1 atomic steps
hash conflicts:         0 (resolved)

Stats on memory usage (in Megabytes):
    0.003	equivalent memory usage for states (stored*(State-vector + overhead))
    0.283	actual memory usage for states
  128.000	memory used for hash table (-w24)
    0.534	memory used for DFS stack (-m10000)
  128.730	total actual memory usage



pan: elapsed time 0 seconds
Time diff is: 37 seconds
ltl cc: [] (! (ccviol))
pan:1: assertion violated  !( !( !(ccviol))) (at depth 21)
pan: wrote conspecCausalViol.pml.trail

(Spin Version 6.4.6 -- 2 December 2016)
Warning: Search not completed
	+ Partial Order Reduction

Full statespace search for:
	never claim         	+ (cc)
	assertion violations	+ (if within scope of claim)
	acceptance   cycles 	+ (fairness disabled)
	invalid end states	- (disabled by never claim)

State-vector 267 byte, depth reached 21, errors: 1
       11 states, stored
        0 states, matched
       11 transitions (= stored+matched)
        1 atomic steps
hash conflicts:         0 (resolved)

Stats on memory usage (in Megabytes):
    0.003	equivalent memory usage for states (stored*(State-vector + overhead))
    0.283	actual memory usage for states
  128.000	memory used for hash table (-w24)
    0.534	memory used for DFS stack (-m10000)
  128.730	total actual memory usage



pan: elapsed time 0 seconds
Time diff is: 38 seconds
ltl cc: [] (! (ccviol))
pan:1: assertion violated  !( !( !(ccviol))) (at depth 21)
pan: wrote conspecCausalViol.pml.trail

(Spin Version 6.4.6 -- 2 December 2016)
Warning: Search not completed
	+ Partial Order Reduction

Full statespace search for:
	never claim         	+ (cc)
	assertion violations	+ (if within scope of claim)
	acceptance   cycles 	+ (fairness disabled)
	invalid end states	- (disabled by never claim)

State-vector 267 byte, depth reached 21, errors: 1
       11 states, stored
        0 states, matched
       11 transitions (= stored+matched)
        1 atomic steps
hash conflicts:         0 (resolved)

Stats on memory usage (in Megabytes):
    0.003	equivalent memory usage for states (stored*(State-vector + overhead))
    0.283	actual memory usage for states
  128.000	memory used for hash table (-w24)
    0.534	memory used for DFS stack (-m10000)
  128.730	total actual memory usage



pan: elapsed time 0.01 seconds
Time diff is: 38 seconds
ltl cc: [] (! (ccviol))
pan:1: assertion violated  !( !( !(ccviol))) (at depth 21)
pan: wrote conspecCausalViol.pml.trail

(Spin Version 6.4.6 -- 2 December 2016)
Warning: Search not completed
	+ Partial Order Reduction

Full statespace search for:
	never claim         	+ (cc)
	assertion violations	+ (if within scope of claim)
	acceptance   cycles 	+ (fairness disabled)
	invalid end states	- (disabled by never claim)

State-vector 267 byte, depth reached 21, errors: 1
       11 states, stored
        0 states, matched
       11 transitions (= stored+matched)
        1 atomic steps
hash conflicts:         0 (resolved)

Stats on memory usage (in Megabytes):
    0.003	equivalent memory usage for states (stored*(State-vector + overhead))
    0.283	actual memory usage for states
  128.000	memory used for hash table (-w24)
    0.534	memory used for DFS stack (-m10000)
  128.730	total actual memory usage



pan: elapsed time 0.01 seconds
Time diff is: 39 seconds
ltl cc: [] (! (ccviol))
pan:1: assertion violated  !( !( !(ccviol))) (at depth 21)
pan: wrote conspecCausalViol.pml.trail

(Spin Version 6.4.6 -- 2 December 2016)
Warning: Search not completed
	+ Partial Order Reduction

Full statespace search for:
	never claim         	+ (cc)
	assertion violations	+ (if within scope of claim)
	acceptance   cycles 	+ (fairness disabled)
	invalid end states	- (disabled by never claim)

State-vector 267 byte, depth reached 21, errors: 1
       11 states, stored
        0 states, matched
       11 transitions (= stored+matched)
        1 atomic steps
hash conflicts:         0 (resolved)

Stats on memory usage (in Megabytes):
    0.003	equivalent memory usage for states (stored*(State-vector + overhead))
    0.283	actual memory usage for states
  128.000	memory used for hash table (-w24)
    0.534	memory used for DFS stack (-m10000)
  128.730	total actual memory usage



pan: elapsed time 0.01 seconds
Time diff is: 40 seconds
ltl cc: [] (! (ccviol))
pan:1: assertion violated  !( !( !(ccviol))) (at depth 21)
pan: wrote conspecCausalViol.pml.trail

(Spin Version 6.4.6 -- 2 December 2016)
Warning: Search not completed
	+ Partial Order Reduction

Full statespace search for:
	never claim         	+ (cc)
	assertion violations	+ (if within scope of claim)
	acceptance   cycles 	+ (fairness disabled)
	invalid end states	- (disabled by never claim)

State-vector 267 byte, depth reached 21, errors: 1
       11 states, stored
        0 states, matched
       11 transitions (= stored+matched)
        1 atomic steps
hash conflicts:         0 (resolved)

Stats on memory usage (in Megabytes):
    0.003	equivalent memory usage for states (stored*(State-vector + overhead))
    0.283	actual memory usage for states
  128.000	memory used for hash table (-w24)
    0.534	memory used for DFS stack (-m10000)
  128.730	total actual memory usage



pan: elapsed time 0 seconds
Time diff is: 40 seconds
ltl cc: [] (! (ccviol))
pan:1: assertion violated  !( !( !(ccviol))) (at depth 21)
pan: wrote conspecCausalViol.pml.trail

(Spin Version 6.4.6 -- 2 December 2016)
Warning: Search not completed
	+ Partial Order Reduction

Full statespace search for:
	never claim         	+ (cc)
	assertion violations	+ (if within scope of claim)
	acceptance   cycles 	+ (fairness disabled)
	invalid end states	- (disabled by never claim)

State-vector 267 byte, depth reached 21, errors: 1
       11 states, stored
        0 states, matched
       11 transitions (= stored+matched)
        1 atomic steps
hash conflicts:         0 (resolved)

Stats on memory usage (in Megabytes):
    0.003	equivalent memory usage for states (stored*(State-vector + overhead))
    0.283	actual memory usage for states
  128.000	memory used for hash table (-w24)
    0.534	memory used for DFS stack (-m10000)
  128.730	total actual memory usage



pan: elapsed time 0 seconds
Time diff is: 41 seconds
ltl cc: [] (! (ccviol))
pan:1: assertion violated  !( !( !(ccviol))) (at depth 21)
pan: wrote conspecCausalViol.pml.trail

(Spin Version 6.4.6 -- 2 December 2016)
Warning: Search not completed
	+ Partial Order Reduction

Full statespace search for:
	never claim         	+ (cc)
	assertion violations	+ (if within scope of claim)
	acceptance   cycles 	+ (fairness disabled)
	invalid end states	- (disabled by never claim)

State-vector 267 byte, depth reached 21, errors: 1
       11 states, stored
        0 states, matched
       11 transitions (= stored+matched)
        1 atomic steps
hash conflicts:         0 (resolved)

Stats on memory usage (in Megabytes):
    0.003	equivalent memory usage for states (stored*(State-vector + overhead))
    0.283	actual memory usage for states
  128.000	memory used for hash table (-w24)
    0.534	memory used for DFS stack (-m10000)
  128.730	total actual memory usage



pan: elapsed time 0 seconds
Time diff is: 42 seconds
ltl cc: [] (! (ccviol))
pan:1: assertion violated  !( !( !(ccviol))) (at depth 21)
pan: wrote conspecCausalViol.pml.trail

(Spin Version 6.4.6 -- 2 December 2016)
Warning: Search not completed
	+ Partial Order Reduction

Full statespace search for:
	never claim         	+ (cc)
	assertion violations	+ (if within scope of claim)
	acceptance   cycles 	+ (fairness disabled)
	invalid end states	- (disabled by never claim)

State-vector 267 byte, depth reached 21, errors: 1
       11 states, stored
        0 states, matched
       11 transitions (= stored+matched)
        1 atomic steps
hash conflicts:         0 (resolved)

Stats on memory usage (in Megabytes):
    0.003	equivalent memory usage for states (stored*(State-vector + overhead))
    0.283	actual memory usage for states
  128.000	memory used for hash table (-w24)
    0.534	memory used for DFS stack (-m10000)
  128.730	total actual memory usage



pan: elapsed time 0 seconds
Time diff is: 42 seconds
ltl cc: [] (! (ccviol))
pan:1: assertion violated  !( !( !(ccviol))) (at depth 21)
pan: wrote conspecCausalViol.pml.trail

(Spin Version 6.4.6 -- 2 December 2016)
Warning: Search not completed
	+ Partial Order Reduction

Full statespace search for:
	never claim         	+ (cc)
	assertion violations	+ (if within scope of claim)
	acceptance   cycles 	+ (fairness disabled)
	invalid end states	- (disabled by never claim)

State-vector 267 byte, depth reached 21, errors: 1
       11 states, stored
        0 states, matched
       11 transitions (= stored+matched)
        1 atomic steps
hash conflicts:         0 (resolved)

Stats on memory usage (in Megabytes):
    0.003	equivalent memory usage for states (stored*(State-vector + overhead))
    0.283	actual memory usage for states
  128.000	memory used for hash table (-w24)
    0.534	memory used for DFS stack (-m10000)
  128.730	total actual memory usage



pan: elapsed time 0 seconds
Time diff is: 43 seconds
ltl cc: [] (! (ccviol))
pan:1: assertion violated  !( !( !(ccviol))) (at depth 21)
pan: wrote conspecCausalViol.pml.trail

(Spin Version 6.4.6 -- 2 December 2016)
Warning: Search not completed
	+ Partial Order Reduction

Full statespace search for:
	never claim         	+ (cc)
	assertion violations	+ (if within scope of claim)
	acceptance   cycles 	+ (fairness disabled)
	invalid end states	- (disabled by never claim)

State-vector 267 byte, depth reached 21, errors: 1
       11 states, stored
        0 states, matched
       11 transitions (= stored+matched)
        1 atomic steps
hash conflicts:         0 (resolved)

Stats on memory usage (in Megabytes):
    0.003	equivalent memory usage for states (stored*(State-vector + overhead))
    0.283	actual memory usage for states
  128.000	memory used for hash table (-w24)
    0.534	memory used for DFS stack (-m10000)
  128.730	total actual memory usage



pan: elapsed time 0 seconds
Time diff is: 44 seconds
ltl cc: [] (! (ccviol))
pan:1: assertion violated  !( !( !(ccviol))) (at depth 21)
pan: wrote conspecCausalViol.pml.trail

(Spin Version 6.4.6 -- 2 December 2016)
Warning: Search not completed
	+ Partial Order Reduction

Full statespace search for:
	never claim         	+ (cc)
	assertion violations	+ (if within scope of claim)
	acceptance   cycles 	+ (fairness disabled)
	invalid end states	- (disabled by never claim)

State-vector 267 byte, depth reached 21, errors: 1
       11 states, stored
        0 states, matched
       11 transitions (= stored+matched)
        1 atomic steps
hash conflicts:         0 (resolved)

Stats on memory usage (in Megabytes):
    0.003	equivalent memory usage for states (stored*(State-vector + overhead))
    0.283	actual memory usage for states
  128.000	memory used for hash table (-w24)
    0.534	memory used for DFS stack (-m10000)
  128.730	total actual memory usage



pan: elapsed time 0 seconds
Time diff is: 44 seconds
ltl cc: [] (! (ccviol))
pan:1: assertion violated  !( !( !(ccviol))) (at depth 21)
pan: wrote conspecCausalViol.pml.trail

(Spin Version 6.4.6 -- 2 December 2016)
Warning: Search not completed
	+ Partial Order Reduction

Full statespace search for:
	never claim         	+ (cc)
	assertion violations	+ (if within scope of claim)
	acceptance   cycles 	+ (fairness disabled)
	invalid end states	- (disabled by never claim)

State-vector 267 byte, depth reached 21, errors: 1
       11 states, stored
        0 states, matched
       11 transitions (= stored+matched)
        1 atomic steps
hash conflicts:         0 (resolved)

Stats on memory usage (in Megabytes):
    0.003	equivalent memory usage for states (stored*(State-vector + overhead))
    0.283	actual memory usage for states
  128.000	memory used for hash table (-w24)
    0.534	memory used for DFS stack (-m10000)
  128.730	total actual memory usage



pan: elapsed time 0.01 seconds
Time diff is: 45 seconds
ltl cc: [] (! (ccviol))
pan:1: assertion violated  !( !( !(ccviol))) (at depth 21)
pan: wrote conspecCausalViol.pml.trail

(Spin Version 6.4.6 -- 2 December 2016)
Warning: Search not completed
	+ Partial Order Reduction

Full statespace search for:
	never claim         	+ (cc)
	assertion violations	+ (if within scope of claim)
	acceptance   cycles 	+ (fairness disabled)
	invalid end states	- (disabled by never claim)

State-vector 267 byte, depth reached 21, errors: 1
       11 states, stored
        0 states, matched
       11 transitions (= stored+matched)
        1 atomic steps
hash conflicts:         0 (resolved)

Stats on memory usage (in Megabytes):
    0.003	equivalent memory usage for states (stored*(State-vector + overhead))
    0.283	actual memory usage for states
  128.000	memory used for hash table (-w24)
    0.534	memory used for DFS stack (-m10000)
  128.730	total actual memory usage



pan: elapsed time 0 seconds
Time diff is: 45 seconds
ltl cc: [] (! (ccviol))
pan:1: assertion violated  !( !( !(ccviol))) (at depth 21)
pan: wrote conspecCausalViol.pml.trail

(Spin Version 6.4.6 -- 2 December 2016)
Warning: Search not completed
	+ Partial Order Reduction

Full statespace search for:
	never claim         	+ (cc)
	assertion violations	+ (if within scope of claim)
	acceptance   cycles 	+ (fairness disabled)
	invalid end states	- (disabled by never claim)

State-vector 267 byte, depth reached 21, errors: 1
       11 states, stored
        0 states, matched
       11 transitions (= stored+matched)
        1 atomic steps
hash conflicts:         0 (resolved)

Stats on memory usage (in Megabytes):
    0.003	equivalent memory usage for states (stored*(State-vector + overhead))
    0.283	actual memory usage for states
  128.000	memory used for hash table (-w24)
    0.534	memory used for DFS stack (-m10000)
  128.730	total actual memory usage



pan: elapsed time 0 seconds
Time diff is: 46 seconds
ltl cc: [] (! (ccviol))
pan:1: assertion violated  !( !( !(ccviol))) (at depth 21)
pan: wrote conspecCausalViol.pml.trail

(Spin Version 6.4.6 -- 2 December 2016)
Warning: Search not completed
	+ Partial Order Reduction

Full statespace search for:
	never claim         	+ (cc)
	assertion violations	+ (if within scope of claim)
	acceptance   cycles 	+ (fairness disabled)
	invalid end states	- (disabled by never claim)

State-vector 267 byte, depth reached 21, errors: 1
       11 states, stored
        0 states, matched
       11 transitions (= stored+matched)
        1 atomic steps
hash conflicts:         0 (resolved)

Stats on memory usage (in Megabytes):
    0.003	equivalent memory usage for states (stored*(State-vector + overhead))
    0.283	actual memory usage for states
  128.000	memory used for hash table (-w24)
    0.534	memory used for DFS stack (-m10000)
  128.730	total actual memory usage



pan: elapsed time 0 seconds
Time diff is: 47 seconds
